<?xml version="1.0" encoding="UTF-8"?>
<!-- Generated by org.testng.reporters.JUnitReportReporter -->
<testsuite hostname="DESKTOP-FVNSSMO" failures="0" tests="1" name="AmazonTestcases.TestCases" time="38.139" errors="0" timestamp="2024-08-25T23:12:31 IST" skipped="0">
  <testcase classname="AmazonTestcases.TestCases" name="TC06" time="38.139"/>
</testsuite> <!-- AmazonTestcases.TestCases -->
