<?xml version="1.0" encoding="UTF-8"?>
<!-- Generated by org.testng.reporters.JUnitReportReporter -->
<testsuite hostname="DESKTOP-FVNSSMO" failures="0" tests="1" name="AmazonTestcases.TestCases" time="34.496" errors="0" timestamp="2024-08-21T23:48:39 IST" skipped="0">
  <testcase classname="AmazonTestcases.TestCases" name="TC06" time="34.496"/>
</testsuite> <!-- AmazonTestcases.TestCases -->
